<?xml version="1.0" encoding="UTF-8"?>
<!-- Generated by org.testng.reporters.JUnitReportReporter -->
<testsuite hostname="PRAMODREDDY" failures="0" tests="1" name="com.testscenarios.FB_LOGIN" time="13.672" errors="0" timestamp="2021-01-22T18:07:10 IST" skipped="0">
  <testcase classname="com.testscenarios.FB_LOGIN" name="loginWithInvaliCredentials" time="13.672"/>
  <system-out/>
</testsuite> <!-- com.testscenarios.FB_LOGIN -->
