<?xml version="1.0" encoding="UTF-8"?>
<!-- Generated by org.testng.reporters.JUnitReportReporter -->
<testsuite hostname="PRAMODREDDY" failures="0" tests="1" name="com.testscenarios.GoogleSearch" time="25.036" errors="0" timestamp="2021-01-21T19:53:07 IST" skipped="0">
  <testcase classname="com.testscenarios.GoogleSearch" name="f" time="25.036"/>
  <system-out/>
</testsuite> <!-- com.testscenarios.GoogleSearch -->
